Entering hessian diagonalization
Number of atoms                = 2
Name of Hessian input file     = hessian.run.dat
Name of grad dipole input file = grad_dipole.run.dat
Name of Masses  input file     = masses.run.dat
Name of XYZ output file        = run.xyz
Threshold for Matrix elements  = -1
     All matrix elements are taken into account by default

Solving eigenvalue system for Hessian Matrix
Done ... 
Results

List of all frequencies found:
Mode number      Frequency [cm^(-1)]   Zero point energy [eV]   IR-intensity [D^2/Ang^2]
          1            -540.69143511              -0.03351860               0.00000000
          2            -540.69121940              -0.03351858               0.00000000
          3              -0.01175726              -0.00000073               0.00000000
          4               0.00001979               0.00000000               0.00000000
          5               0.00004532               0.00000000               0.00000000
          6            2151.74640275               0.13339127               0.00000000


Summary of zero point energy for entire system:
| Cumulative ZPE               =      0.06635337 eV
| without first six eigenmodes =      0.00000000 eV

Stability checking - eigenvalues should all be positive for a stable structure. 
The six smallest frequencies should be (almost) zero:
              -0.03351860              -0.03351858              -0.00000073               0.00000000               0.00000000               0.13339127
Compare this with the largest eigenvalue, 
            2151.74640275

 Done. 
