Entering hessian diagonalization
Number of atoms                = 2
Name of Hessian input file     = hessian.run.dat
Name of grad dipole input file = grad_dipole.run.dat
Name of Masses  input file     = masses.run.dat
Name of XYZ output file        = run.xyz
Threshold for Matrix elements  = -1
     All matrix elements are taken into account by default

Solving eigenvalue system for Hessian Matrix
Done ... 
Results

List of all frequencies found:
Mode number      Frequency [cm^(-1)]   Zero point energy [eV]   IR-intensity [D^2/Ang^2]
          1              -0.00001872              -0.00000000               0.72098867
          2              -0.00000029              -0.00000000               0.72098867
          3              -0.00000011              -0.00000000               0.72098867
          4               2.99974836               0.00018596               0.00000000
          5               2.99974836               0.00018596               0.00000000
          6            1923.12872797               0.11921878               0.00000000


Summary of zero point energy for entire system:
| Cumulative ZPE               =      0.11959070 eV
| without first six eigenmodes =      0.00000000 eV

Stability checking - eigenvalues should all be positive for a stable structure. 
The six smallest frequencies should be (almost) zero:
              -0.00000000              -0.00000000              -0.00000000               0.00018596               0.00018596               0.11921878
Compare this with the largest eigenvalue, 
            1923.12872797

 Done. 
