Entering hessian diagonalization
Number of atoms                = 2
Name of Hessian input file     = hessian.run.dat
Name of grad dipole input file = grad_dipole.run.dat
Name of Masses  input file     = masses.run.dat
Name of XYZ output file        = run.xyz
Threshold for Matrix elements  = -1
     All matrix elements are taken into account by default

Solving eigenvalue system for Hessian Matrix
Done ... 
Results

List of all frequencies found:
Mode number      Frequency [cm^(-1)]   Zero point energy [eV]   IR-intensity [D^2/Ang^2]
          1            -540.69392993              -0.03351875               0.00000000
          2            -540.69351530              -0.03351872               0.00000000
          3              -0.01965933              -0.00000122               0.00000000
          4              -0.00014300              -0.00000001               0.00000000
          5               0.00016329               0.00000001               0.00000000
          6            2151.75030378               0.13339151               0.00000000


Summary of zero point energy for entire system:
| Cumulative ZPE               =      0.06635282 eV
| without first six eigenmodes =      0.00000000 eV

Stability checking - eigenvalues should all be positive for a stable structure. 
The six smallest frequencies should be (almost) zero:
              -0.03351875              -0.03351872              -0.00000122              -0.00000001               0.00000001               0.13339151
Compare this with the largest eigenvalue, 
            2151.75030378

 Done. 
