Entering hessian diagonalization
Number of atoms                = 2
Name of Hessian input file     = hessian.run.dat
Name of grad dipole input file = grad_dipole.run.dat
Name of Masses  input file     = masses.run.dat
Name of XYZ output file        = run.xyz
Threshold for Matrix elements  = -1
     All matrix elements are taken into account by default

Solving eigenvalue system for Hessian Matrix
Done ... 
Results

List of all frequencies found:
Mode number      Frequency [cm^(-1)]   Zero point energy [eV]   IR-intensity [D^2/Ang^2]
          1              -0.00932015              -0.00000058               0.00000000
          2              -0.00093944              -0.00000006               0.00000000
          3              -0.00011307              -0.00000001               0.00000000
          4               1.78395162               0.00011059               0.00000000
          5               1.81257038               0.00011237               0.00000000
          6            1541.21608370               0.09554322               0.00000000


Summary of zero point energy for entire system:
| Cumulative ZPE               =      0.09576553 eV
| without first six eigenmodes =      0.00000000 eV

Stability checking - eigenvalues should all be positive for a stable structure. 
The six smallest frequencies should be (almost) zero:
              -0.00000058              -0.00000006              -0.00000001               0.00011059               0.00011237               0.09554322
Compare this with the largest eigenvalue, 
            1541.21608370

 Done. 
