Entering hessian diagonalization
Number of atoms                = 2
Name of Hessian input file     = hessian.run.dat
Name of grad dipole input file = grad_dipole.run.dat
Name of Masses  input file     = masses.run.dat
Name of XYZ output file        = run.xyz
Threshold for Matrix elements  = -1
     All matrix elements are taken into account by default

Solving eigenvalue system for Hessian Matrix
Done ... 
Results

List of all frequencies found:
Mode number      Frequency [cm^(-1)]   Zero point energy [eV]   IR-intensity [D^2/Ang^2]
          1              -0.03775066              -0.00000234               0.72095121
          2              -0.02041815              -0.00000127               0.72095118
          3              -0.00056590              -0.00000004               0.72097486
          4               2.73379042               0.00016947               0.00002333
          5               2.75661220               0.00017089               0.00005224
          6            1923.12335412               0.11921845               0.00000000


Summary of zero point energy for entire system:
| Cumulative ZPE               =      0.11955517 eV
| without first six eigenmodes =      0.00000000 eV

Stability checking - eigenvalues should all be positive for a stable structure. 
The six smallest frequencies should be (almost) zero:
              -0.00000234              -0.00000127              -0.00000004               0.00016947               0.00017089               0.11921845
Compare this with the largest eigenvalue, 
            1923.12335412

 Done. 
